Release 14.1 - xst P.15xf (nt64)
Copyright (c) 1995-2012 Xilinx, Inc.  All rights reserved.
--> Parameter TMPDIR set to xst/projnav.tmp


Total REAL time to Xst completion: 0.00 secs
Total CPU time to Xst completion: 0.09 secs
 
--> Parameter xsthdpdir set to xst


Total REAL time to Xst completion: 0.00 secs
Total CPU time to Xst completion: 0.09 secs
 
--> Reading design: SigGenSpiControl.prj

TABLE OF CONTENTS
  1) Synthesis Options Summary
  2) HDL Compilation
  3) Design Hierarchy Analysis
  4) HDL Analysis
  5) HDL Synthesis
     5.1) HDL Synthesis Report
  6) Advanced HDL Synthesis
     6.1) Advanced HDL Synthesis Report
  7) Low Level Synthesis
  8) Partition Report
  9) Final Report
	9.1) Device utilization summary
	9.2) Partition Resource Summary
	9.3) TIMING REPORT


=========================================================================
*                      Synthesis Options Summary                        *
=========================================================================
---- Source Parameters
Input File Name                    : "SigGenSpiControl.prj"
Input Format                       : mixed
Ignore Synthesis Constraint File   : NO

---- Target Parameters
Output File Name                   : "SigGenSpiControl"
Output Format                      : NGC
Target Device                      : xc3s100e-4-cp132

---- Source Options
Top Module Name                    : SigGenSpiControl
Automatic FSM Extraction           : YES
FSM Encoding Algorithm             : Auto
Safe Implementation                : No
FSM Style                          : LUT
RAM Extraction                     : Yes
RAM Style                          : Auto
ROM Extraction                     : Yes
Mux Style                          : Auto
Decoder Extraction                 : YES
Priority Encoder Extraction        : Yes
Shift Register Extraction          : YES
Logical Shifter Extraction         : YES
XOR Collapsing                     : YES
ROM Style                          : Auto
Mux Extraction                     : Yes
Resource Sharing                   : YES
Asynchronous To Synchronous        : NO
Multiplier Style                   : Auto
Automatic Register Balancing       : No

---- Target Options
Add IO Buffers                     : YES
Global Maximum Fanout              : 100000
Add Generic Clock Buffer(BUFG)     : 24
Register Duplication               : YES
Slice Packing                      : YES
Optimize Instantiated Primitives   : NO
Use Clock Enable                   : Yes
Use Synchronous Set                : Yes
Use Synchronous Reset              : Yes
Pack IO Registers into IOBs        : Auto
Equivalent register Removal        : YES

---- General Options
Optimization Goal                  : Speed
Optimization Effort                : 1
Keep Hierarchy                     : No
Netlist Hierarchy                  : As_Optimized
RTL Output                         : Yes
Global Optimization                : AllClockNets
Read Cores                         : YES
Write Timing Constraints           : NO
Cross Clock Analysis               : NO
Hierarchy Separator                : /
Bus Delimiter                      : <>
Case Specifier                     : Maintain
Slice Utilization Ratio            : 100
BRAM Utilization Ratio             : 100
Verilog 2001                       : YES
Auto BRAM Packing                  : NO
Slice Utilization Ratio Delta      : 5

=========================================================================


=========================================================================
*                          HDL Compilation                              *
=========================================================================
Compiling vhdl file "C:/Users/tniel/OneDrive/Dokumenter/GitHub/DigitalTeknikProjekt/FPGA/Three_week_course_F22/Protokol.vhd" in Library work.
Architecture behavioral of Entity protokol is up to date.
Compiling vhdl file "C:/Users/tniel/OneDrive/Dokumenter/GitHub/DigitalTeknikProjekt/FPGA/Three_week_course_F22/PWM.vhd" in Library work.
Architecture behavioral of Entity pwm is up to date.
Compiling vhdl file "C:/Users/tniel/OneDrive/Dokumenter/GitHub/DigitalTeknikProjekt/FPGA/Three_week_course_F22/DivClk.vhd" in Library work.
Architecture divclk_arch of Entity divclk is up to date.
Compiling vhdl file "C:/Users/tniel/OneDrive/Dokumenter/GitHub/DigitalTeknikProjekt/FPGA/Three_week_course_F22/Freq_calc.vhd" in Library work.
Architecture behavioral of Entity freq_calc is up to date.
Compiling vhdl file "C:/Users/tniel/OneDrive/Dokumenter/GitHub/DigitalTeknikProjekt/FPGA/Three_week_course_F22/Simpel_top.vhd" in Library work.
Entity <siggenspicontrol> compiled.
Entity <siggenspicontrol> (Architecture <behavioral>) compiled.

=========================================================================
*                     Design Hierarchy Analysis                         *
=========================================================================
Analyzing hierarchy for entity <SigGenSpiControl> in library <work> (architecture <behavioral>).

Analyzing hierarchy for entity <ShiftReg> in library <work> (architecture <behavioral>).

Analyzing hierarchy for entity <Protokol> in library <work> (architecture <behavioral>).

Analyzing hierarchy for entity <PWM> in library <work> (architecture <behavioral>).

Analyzing hierarchy for entity <DivClk> in library <work> (architecture <divclk_arch>).

Analyzing hierarchy for entity <Freq_calc> in library <work> (architecture <behavioral>).


=========================================================================
*                            HDL Analysis                               *
=========================================================================
Analyzing Entity <SigGenSpiControl> in library <work> (Architecture <behavioral>).
Entity <SigGenSpiControl> analyzed. Unit <SigGenSpiControl> generated.

Analyzing Entity <ShiftReg> in library <work> (Architecture <behavioral>).
Entity <ShiftReg> analyzed. Unit <ShiftReg> generated.

Analyzing Entity <Protokol> in library <work> (Architecture <behavioral>).
Entity <Protokol> analyzed. Unit <Protokol> generated.

Analyzing Entity <PWM> in library <work> (Architecture <behavioral>).
Entity <PWM> analyzed. Unit <PWM> generated.

Analyzing Entity <DivClk> in library <work> (Architecture <divclk_arch>).
Entity <DivClk> analyzed. Unit <DivClk> generated.

Analyzing Entity <Freq_calc> in library <work> (Architecture <behavioral>).
ERROR:Xst:769 - "C:/Users/tniel/OneDrive/Dokumenter/GitHub/DigitalTeknikProjekt/FPGA/Three_week_course_F22/Freq_calc.vhd" line 32: Operator <DIVIDE> must have constant operands or first operand must be power of 2
--> 

Total memory usage is 4488136 kilobytes

Number of errors   :    1 (   0 filtered)
Number of warnings :    0 (   0 filtered)
Number of infos    :    0 (   0 filtered)

