--------------------------------------------------------------------------------
Release 14.1 Trace  (nt64)
Copyright (c) 1995-2012 Xilinx, Inc.  All rights reserved.

E:\Xilinx\14.1\ISE_DS\ISE\bin\nt64\unwrapped\trce.exe -intstyle ise -v 3 -s 4
-n 3 -fastpaths -xml SigGenTop.twx SigGenTop.ncd -o SigGenTop.twr SigGenTop.pcf

Design file:              SigGenTop.ncd
Physical constraint file: SigGenTop.pcf
Device,package,speed:     xc3s100e,cp132,-4 (PRODUCTION 1.27 2012-04-23)
Report level:             verbose report

Environment Variable      Effect 
--------------------      ------ 
NONE                      No environment variables were set
--------------------------------------------------------------------------------

INFO:Timing:2698 - No timing constraints found, doing default enumeration.
INFO:Timing:3412 - To improve timing, see the Timing Closure User Guide (UG612).
INFO:Timing:2752 - To get complete path coverage, use the unconstrained paths 
   option. All paths that are not constrained will be reported in the 
   unconstrained paths section(s) of the report.
INFO:Timing:3339 - The clock-to-out numbers in this timing report are based on 
   a 50 Ohm transmission line loading model.  For the details of this model, 
   and for more information on accounting for different loading conditions, 
   please see the device datasheet.
INFO:Timing:3390 - This architecture does not support a default System Jitter 
   value, please add SYSTEM_JITTER constraint to the UCF to modify the Clock 
   Uncertainty calculation.
INFO:Timing:3389 - This architecture does not support 'Discrete Jitter' and 
   'Phase Error' calculations, these terms will be zero in the Clock 
   Uncertainty calculation.  Please make appropriate modification to 
   SYSTEM_JITTER to account for the unsupported Discrete Jitter and Phase 
   Error.



Data Sheet report:
-----------------
All values displayed in nanoseconds (ns)

Setup/Hold to clock Clk
------------+------------+------------+------------------+--------+
            |Max Setup to|Max Hold to |                  | Clock  |
Source      | clk (edge) | clk (edge) |Internal Clock(s) | Phase  |
------------+------------+------------+------------------+--------+
BTN3        |    1.564(R)|    0.384(R)|Clk_BUFGP         |   0.000|
------------+------------+------------+------------------+--------+

Setup/Hold to clock SCK
------------+------------+------------+------------------+--------+
            |Max Setup to|Max Hold to |                  | Clock  |
Source      | clk (edge) | clk (edge) |Internal Clock(s) | Phase  |
------------+------------+------------+------------------+--------+
BTN3        |    4.498(R)|   -1.985(R)|SCK_BUFGP         |   0.000|
Mosi        |    0.517(R)|    0.769(R)|SCK_BUFGP         |   0.000|
SS_not      |    3.268(R)|    0.609(R)|SCK_BUFGP         |   0.000|
------------+------------+------------+------------------+--------+

Clock Clk to Pad
------------+------------+------------------+--------+
            | clk (edge) |                  | Clock  |
Destination |   to PAD   |Internal Clock(s) | Phase  |
------------+------------+------------------+--------+
LD          |   46.336(R)|Clk_BUFGP         |   0.000|
PWMOut      |   45.710(R)|Clk_BUFGP         |   0.000|
Paritet     |    8.513(R)|Clk_BUFGP         |   0.000|
------------+------------+------------------+--------+

Clock to Setup on destination clock Clk
---------------+---------+---------+---------+---------+
               | Src:Rise| Src:Fall| Src:Rise| Src:Fall|
Source Clock   |Dest:Rise|Dest:Rise|Dest:Fall|Dest:Fall|
---------------+---------+---------+---------+---------+
Clk            |    7.716|         |         |         |
SCK            |    9.244|         |         |         |
---------------+---------+---------+---------+---------+

Clock to Setup on destination clock SCK
---------------+---------+---------+---------+---------+
               | Src:Rise| Src:Fall| Src:Rise| Src:Fall|
Source Clock   |Dest:Rise|Dest:Rise|Dest:Fall|Dest:Fall|
---------------+---------+---------+---------+---------+
SCK            |    1.687|         |         |         |
---------------+---------+---------+---------+---------+


Analysis completed Fri Jun 17 10:02:31 2022 
--------------------------------------------------------------------------------

Trace Settings:
-------------------------
Trace Settings 

Peak Memory Usage: 4502 MB



