--------------------------------------------------------------------------------
Release 14.1 Trace  (nt64)
Copyright (c) 1995-2012 Xilinx, Inc.  All rights reserved.

E:\Xilinx\14.1\ISE_DS\ISE\bin\nt64\unwrapped\trce.exe -intstyle ise -v 3 -s 4
-n 3 -fastpaths -xml SigGenSpiControl.twx SigGenSpiControl.ncd -o
SigGenSpiControl.twr SigGenSpiControl.pcf -ucf siggentop (1).ucf

Design file:              SigGenSpiControl.ncd
Physical constraint file: SigGenSpiControl.pcf
Device,package,speed:     xc3s100e,cp132,-4 (PRODUCTION 1.27 2012-04-23)
Report level:             verbose report

Environment Variable      Effect 
--------------------      ------ 
NONE                      No environment variables were set
--------------------------------------------------------------------------------

INFO:Timing:2698 - No timing constraints found, doing default enumeration.
INFO:Timing:3412 - To improve timing, see the Timing Closure User Guide (UG612).
INFO:Timing:2752 - To get complete path coverage, use the unconstrained paths 
   option. All paths that are not constrained will be reported in the 
   unconstrained paths section(s) of the report.
INFO:Timing:3339 - The clock-to-out numbers in this timing report are based on 
   a 50 Ohm transmission line loading model.  For the details of this model, 
   and for more information on accounting for different loading conditions, 
   please see the device datasheet.
INFO:Timing:3390 - This architecture does not support a default System Jitter 
   value, please add SYSTEM_JITTER constraint to the UCF to modify the Clock 
   Uncertainty calculation.
INFO:Timing:3389 - This architecture does not support 'Discrete Jitter' and 
   'Phase Error' calculations, these terms will be zero in the Clock 
   Uncertainty calculation.  Please make appropriate modification to 
   SYSTEM_JITTER to account for the unsupported Discrete Jitter and Phase 
   Error.



Data Sheet report:
-----------------
All values displayed in nanoseconds (ns)

Setup/Hold to clock MClk
------------+------------+------------+------------------+--------+
            |Max Setup to|Max Hold to |                  | Clock  |
Source      | clk (edge) | clk (edge) |Internal Clock(s) | Phase  |
------------+------------+------------+------------------+--------+
BTN0        |    3.851(R)|    0.069(R)|MClk_BUFGP        |   0.000|
BTN1        |    0.590(R)|    0.708(R)|MClk_BUFGP        |   0.000|
BTN2        |    0.831(R)|    0.511(R)|MClk_BUFGP        |   0.000|
BTN3        |    5.412(R)|   -0.715(R)|MClk_BUFGP        |   0.000|
Reset       |    1.612(R)|    0.412(R)|MClk_BUFGP        |   0.000|
SW<0>       |    1.225(R)|    0.324(R)|MClk_BUFGP        |   0.000|
SW<1>       |    1.498(R)|    0.429(R)|MClk_BUFGP        |   0.000|
SW<2>       |    1.170(R)|    0.833(R)|MClk_BUFGP        |   0.000|
SW<3>       |    1.068(R)|    0.370(R)|MClk_BUFGP        |   0.000|
SW<4>       |    0.616(R)|    1.118(R)|MClk_BUFGP        |   0.000|
SW<5>       |    1.399(R)|    0.876(R)|MClk_BUFGP        |   0.000|
SW<6>       |    1.276(R)|    0.476(R)|MClk_BUFGP        |   0.000|
SW<7>       |    2.064(R)|    0.265(R)|MClk_BUFGP        |   0.000|
------------+------------+------------+------------------+--------+

Clock MClk to Pad
------------+------------+------------------+--------+
            | clk (edge) |                  | Clock  |
Destination |   to PAD   |Internal Clock(s) | Phase  |
------------+------------+------------------+--------+
output      |   14.686(R)|MClk_BUFGP        |   0.000|
------------+------------+------------------+--------+

Clock to Setup on destination clock MClk
---------------+---------+---------+---------+---------+
               | Src:Rise| Src:Fall| Src:Rise| Src:Fall|
Source Clock   |Dest:Rise|Dest:Rise|Dest:Fall|Dest:Fall|
---------------+---------+---------+---------+---------+
MClk           |   14.336|         |         |         |
---------------+---------+---------+---------+---------+


Analysis completed Thu Jun 16 01:43:58 2022 
--------------------------------------------------------------------------------

Trace Settings:
-------------------------
Trace Settings 

Peak Memory Usage: 4502 MB



