Release 14.1 Map P.15xf (nt64)
Xilinx Mapping Report File for Design 'SigGenSpiControl'

Design Information
------------------
Command Line   : map -intstyle ise -p xc3s100e-cp132-4 -cm area -ir off -pr off
-c 100 -o SigGenSpiControl_map.ncd SigGenSpiControl.ngd SigGenSpiControl.pcf 
Target Device  : xc3s100e
Target Package : cp132
Target Speed   : -4
Mapper Version : spartan3e -- $Revision: 1.55 $
Mapped Date    : Thu Jun 16 01:43:44 2022

Design Summary
--------------
Number of errors:      0
Number of warnings:    1
Logic Utilization:
  Number of Slice Flip Flops:           199 out of   1,920   10%
  Number of 4 input LUTs:               369 out of   1,920   19%
Logic Distribution:
  Number of occupied Slices:            235 out of     960   24%
    Number of Slices containing only related logic:     235 out of     235 100%
    Number of Slices containing unrelated logic:          0 out of     235   0%
      *See NOTES below for an explanation of the effects of unrelated logic.
  Total Number of 4 input LUTs:         410 out of   1,920   21%
    Number used as logic:               369
    Number used as a route-thru:         41

  The Slice Logic Distribution report is not meaningful if the design is
  over-mapped for a non-slice resource or if Placement fails.

  Number of bonded IOBs:                 27 out of      83   32%
    IOB Flip Flops:                       1
  Number of BUFGMUXs:                     1 out of      24    4%

Average Fanout of Non-Clock Nets:                2.82

Peak Memory Usage:  4396 MB
Total REAL time to MAP completion:  1 secs 
Total CPU time to MAP completion:   1 secs 

NOTES:

   Related logic is defined as being logic that shares connectivity - e.g. two
   LUTs are "related" if they share common inputs.  When assembling slices,
   Map gives priority to combine logic that is related.  Doing so results in
   the best timing performance.

   Unrelated logic shares no connectivity.  Map will only begin packing
   unrelated logic into a slice once 99% of the slices are occupied through
   related logic packing.

   Note that once logic distribution reaches the 99% level through related
   logic packing, this does not mean the device is completely utilized.
   Unrelated logic packing will then begin, continuing until all usable LUTs
   and FFs are occupied.  Depending on your timing budget, increased levels of
   unrelated logic packing may adversely affect the overall timing performance
   of your design.

Table of Contents
-----------------
Section 1 - Errors
Section 2 - Warnings
Section 3 - Informational
Section 4 - Removed Logic Summary
Section 5 - Removed Logic
Section 6 - IOB Properties
Section 7 - RPMs
Section 8 - Guide Report
Section 9 - Area Group and Partition Summary
Section 10 - Timing Report
Section 11 - Configuration String Information
Section 12 - Control Set Information
Section 13 - Utilization by Hierarchy

Section 1 - Errors
------------------

Section 2 - Warnings
--------------------
WARNING:Pack:249 - The following adjacent carry multiplexers occupy different
   slice components.  The resulting carry chain will have suboptimal timing.
   	U8/Mcompar_Clear1_cmp_eq0000_cy<12>
   	U8/Mcount_Cnt1_cy<0>

Section 3 - Informational
-------------------------
INFO:LIT:243 - Logical network Paritet has no load.
INFO:LIT:395 - The above info message is repeated 1 more times for the following
   (max. 5 shown):
   LD
   To see the details of these info messages, please use the -detail switch.
INFO:MapLib:562 - No environment variables are currently set.
INFO:LIT:244 - All of the single ended outputs in this design are using slew
   rate limited output drivers. The delay on speed critical single ended outputs
   can be dramatically reduced by designating them as fast outputs.

Section 4 - Removed Logic Summary
---------------------------------
   2 block(s) optimized away

Section 5 - Removed Logic
-------------------------

Optimized Block(s):
TYPE 		BLOCK
GND 		XST_GND
VCC 		XST_VCC

To enable printing of redundant blocks removed and signals merged, set the
detailed map report option and rerun map.

Section 6 - IOB Properties
--------------------------

+---------------------------------------------------------------------------------------------------------------------------------------------------------+
| IOB Name                           | Type             | Direction | IO Standard          | Diff  | Drive    | Slew | Reg (s)      | Resistor | IOB      |
|                                    |                  |           |                      | Term  | Strength | Rate |              |          | Delay    |
+---------------------------------------------------------------------------------------------------------------------------------------------------------+
| An<0>                              | IOB              | OUTPUT    | LVCMOS25             |       | 12       | SLOW |              |          | 0 / 0    |
| An<1>                              | IOB              | OUTPUT    | LVCMOS25             |       | 12       | SLOW |              |          | 0 / 0    |
| An<2>                              | IOB              | OUTPUT    | LVCMOS25             |       | 12       | SLOW |              |          | 0 / 0    |
| An<3>                              | IOB              | OUTPUT    | LVCMOS25             |       | 12       | SLOW |              |          | 0 / 0    |
| BTN0                               | IBUF             | INPUT     | LVCMOS25             |       |          |      |              |          | 0 / 0    |
| BTN1                               | IBUF             | INPUT     | LVCMOS25             |       |          |      |              |          | 0 / 0    |
| BTN2                               | IBUF             | INPUT     | LVCMOS25             |       |          |      |              |          | 0 / 0    |
| BTN3                               | IBUF             | INPUT     | LVCMOS25             |       |          |      |              |          | 0 / 0    |
| Cat<0>                             | IOB              | OUTPUT    | LVCMOS25             |       | 12       | SLOW |              |          | 0 / 0    |
| Cat<1>                             | IOB              | OUTPUT    | LVCMOS25             |       | 12       | SLOW |              |          | 0 / 0    |
| Cat<2>                             | IOB              | OUTPUT    | LVCMOS25             |       | 12       | SLOW |              |          | 0 / 0    |
| Cat<3>                             | IOB              | OUTPUT    | LVCMOS25             |       | 12       | SLOW |              |          | 0 / 0    |
| Cat<4>                             | IOB              | OUTPUT    | LVCMOS25             |       | 12       | SLOW |              |          | 0 / 0    |
| Cat<5>                             | IOB              | OUTPUT    | LVCMOS25             |       | 12       | SLOW |              |          | 0 / 0    |
| Cat<6>                             | IOB              | OUTPUT    | LVCMOS25             |       | 12       | SLOW |              |          | 0 / 0    |
| Cat<7>                             | IOB              | OUTPUT    | LVCMOS25             |       | 12       | SLOW | OFF1         |          | 0 / 0    |
| MClk                               | IBUF             | INPUT     | LVCMOS25             |       |          |      |              |          | 0 / 0    |
| Reset                              | IBUF             | INPUT     | LVCMOS25             |       |          |      |              |          | 0 / 0    |
| SW<0>                              | IBUF             | INPUT     | LVCMOS25             |       |          |      |              |          | 0 / 0    |
| SW<1>                              | IBUF             | INPUT     | LVCMOS25             |       |          |      |              |          | 0 / 0    |
| SW<2>                              | IBUF             | INPUT     | LVCMOS25             |       |          |      |              |          | 0 / 0    |
| SW<3>                              | IBUF             | INPUT     | LVCMOS25             |       |          |      |              |          | 0 / 0    |
| SW<4>                              | IBUF             | INPUT     | LVCMOS25             |       |          |      |              |          | 0 / 0    |
| SW<5>                              | IBUF             | INPUT     | LVCMOS25             |       |          |      |              |          | 0 / 0    |
| SW<6>                              | IBUF             | INPUT     | LVCMOS25             |       |          |      |              |          | 0 / 0    |
| SW<7>                              | IBUF             | INPUT     | LVCMOS25             |       |          |      |              |          | 0 / 0    |
| output                             | IOB              | OUTPUT    | LVCMOS25             |       | 12       | SLOW |              |          | 0 / 0    |
+---------------------------------------------------------------------------------------------------------------------------------------------------------+

Section 7 - RPMs
----------------

Section 8 - Guide Report
------------------------
Guide not run on this design.

Section 9 - Area Group and Partition Summary
--------------------------------------------

Partition Implementation Status
-------------------------------

  No Partitions were found in this design.

-------------------------------

Area Group Information
----------------------

  No area groups were found in this design.

----------------------

Section 10 - Timing Report
--------------------------
This design was not run using timing mode.

Section 11 - Configuration String Details
-----------------------------------------
Use the "-detail" map option to print out Configuration Strings

Section 12 - Control Set Information
------------------------------------
No control set information for this architecture.

Section 13 - Utilization by Hierarchy
-------------------------------------
Use the "-detail" map option to print out the Utilization by Hierarchy section.
