Command line:
   protokol_tb1_isim_beh.exe
     -simmode  gui
     -simrunnum  0
     -socket  49693

Fri Jun 03 13:50:46 2022


 Elaboration Time: 0.015625 sec

 Current Memory Usage: 5143.12 Meg

 Total Signals          : 22
 Total Nets             : 85
 Total Signal Drivers   : 15
 Total Blocks           : 6
 Total Primitive Blocks : 5
 Total Processes        : 3
 Total Traceable Variables  : 16
 Total Scalar Nets and Variables : 587
Total Line Count : 61

 Total Simulation Time: 0.03125 sec

 Current Memory Usage: 5143.12 Meg

Fri Jun 03 13:50:49 2022

