Command line:
   top_tb2_isim_beh.exe
     -simmode  gui
     -simrunnum  0
     -socket  62261

Mon Jun 13 14:22:55 2022


 Elaboration Time: 0.046875 sec

 Current Memory Usage: 5149.93 Meg

 Total Signals          : 75
 Total Nets             : 136
 Total Signal Drivers   : 38
 Total Blocks           : 11
 Total Primitive Blocks : 9
 Total Processes        : 12
 Total Traceable Variables  : 17
 Total Scalar Nets and Variables : 639
Total Line Count : 393

 Total Simulation Time: 1.29688 sec

 Current Memory Usage: 4678.07 Meg

Tue Jun 14 19:31:17 2022

