Command line:
   top_tb1_isim_beh.exe
     -simmode  gui
     -simrunnum  0
     -socket  60685

Thu Jun 16 12:54:47 2022


 Elaboration Time: 0.03125 sec

 Current Memory Usage: 5149.84 Meg

 Total Signals          : 112
 Total Nets             : 160
 Total Signal Drivers   : 51
 Total Blocks           : 14
 Total Primitive Blocks : 12
 Total Processes        : 33
 Total Traceable Variables  : 18
 Total Scalar Nets and Variables : 664
Total Line Count : 181

 Total Simulation Time: 0.5625 sec

 Current Memory Usage: 4835.27 Meg

Thu Jun 16 13:05:23 2022

