INFO:sim:172 - Generating IP...
Resolving generics for 'SinusLUT'...
Applying external generics to 'SinusLUT'...
Delivering associated files for 'SinusLUT'...
Delivering EJava files for 'SinusLUT'...
Generating implementation netlist for 'SinusLUT'...
INFO:sim - Pre-processing HDL files for 'SinusLUT'...
Running synthesis for 'SinusLUT'
Running ngcbuild...
Writing VEO instantiation template for 'SinusLUT'...
Writing Verilog behavioral simulation model for 'SinusLUT'...
WARNING:sim - Overwriting existing file
   C:/Users/tniel/OneDrive/Dokumenter/GitHub/DigitalTeknikProjekt/FPGA/SignalGen
   /ipcore_dir/tmp/_cg/SinusLUT/doc/blk_mem_gen_v7_3_vinfo.html with file from
   view xilinx_documentation
Delivered 1 file into directory
C:/Users/tniel/OneDrive/Dokumenter/GitHub/DigitalTeknikProjekt/FPGA/SignalGen/ip
core_dir/tmp/_cg/SinusLUT
Generating ASY schematic symbol...
INFO:sim:949 - Finished generation of ASY schematic symbol.
Generating SYM schematic symbol for 'SinusLUT'...
Generating metadata file...
Generating ISE project file for 'SinusLUT'...
Generating ISE project...
XCO file found: SinusLUT.xco
XMDF file found: SinusLUT_xmdf.tcl
Adding
C:/Users/tniel/OneDrive/Dokumenter/GitHub/DigitalTeknikProjekt/FPGA/SignalGen/ip
core_dir/tmp/_cg/SinusLUT.asy -view all -origin_type imported
Adding
C:/Users/tniel/OneDrive/Dokumenter/GitHub/DigitalTeknikProjekt/FPGA/SignalGen/ip
core_dir/tmp/_cg/SinusLUT.ngc -view all -origin_type created
Checking file
"C:/Users/tniel/OneDrive/Dokumenter/GitHub/DigitalTeknikProjekt/FPGA/SignalGen/i
pcore_dir/tmp/_cg/SinusLUT.ngc" for project device match ...
File
"C:/Users/tniel/OneDrive/Dokumenter/GitHub/DigitalTeknikProjekt/FPGA/SignalGen/i
pcore_dir/tmp/_cg/SinusLUT.ngc" device information matches project device.
Adding
C:/Users/tniel/OneDrive/Dokumenter/GitHub/DigitalTeknikProjekt/FPGA/SignalGen/ip
core_dir/tmp/_cg/SinusLUT.sym -view all -origin_type imported
Adding
C:/Users/tniel/OneDrive/Dokumenter/GitHub/DigitalTeknikProjekt/FPGA/SignalGen/ip
core_dir/tmp/_cg/SinusLUT.v -view all -origin_type created
INFO:HDLCompiler:1845 - Analyzing Verilog file
   "C:/Users/tniel/OneDrive/Dokumenter/GitHub/DigitalTeknikProjekt/FPGA/SignalGe
   n/ipcore_dir/tmp/_cg/SinusLUT.v" into library work
INFO:ProjectMgmt - Parsing design hierarchy completed successfully.
Adding
C:/Users/tniel/OneDrive/Dokumenter/GitHub/DigitalTeknikProjekt/FPGA/SignalGen/ip
core_dir/tmp/_cg/SinusLUT.veo -view all -origin_type imported
INFO:TclTasksC:2116 - The automatic calculation of top has been turned-off.
   Please set the new top explicitly by running the "project set top" command.
   To re-calculate the new top automatically, set the "Auto Implementation Top"
   property to true.
Top level has been set to "/SinusLUT"
Generating README file...
Generating FLIST file...
INFO:sim:948 - Finished FLIST file generation.
Launching README viewer...
Moving files to output directory...
Finished moving files to output directory
Wrote CGP file for project 'SinusLUT'.
